<?xml version="1.0" encoding="UTF-8"?>
<coverage generated="1575510525587" clover="3.2.0">
  <project timestamp="1575510525587" name="All files">
    <metrics statements="27" coveredstatements="27" conditionals="14" coveredconditionals="13" methods="3" coveredmethods="3" elements="44" coveredelements="43" complexity="0" loc="27" ncloc="27" packages="2" files="2" classes="2"/>
    <package name="array-shift">
      <metrics statements="20" coveredstatements="20" conditionals="10" coveredconditionals="9" methods="2" coveredmethods="2"/>
      <file name="array-shift.js" path="/home/tali/alchemy/career-prep/code-challenges/data-structures-and-algorithms/challenges/array-shift/array-shift.js">
        <metrics statements="20" coveredstatements="20" conditionals="10" coveredconditionals="9" methods="2" coveredmethods="2"/>
        <line num="2" count="1" type="stmt"/>
        <line num="3" count="1" type="stmt"/>
        <line num="6" count="1" type="stmt"/>
        <line num="7" count="4" type="cond" truecount="2" falsecount="0"/>
        <line num="8" count="2" type="stmt"/>
        <line num="9" count="2" type="cond" truecount="2" falsecount="0"/>
        <line num="10" count="1" type="stmt"/>
        <line num="11" count="1" type="cond" truecount="1" falsecount="1"/>
        <line num="12" count="1" type="stmt"/>
        <line num="15" count="1" type="stmt"/>
        <line num="18" count="1" type="stmt"/>
        <line num="19" count="2" type="stmt"/>
        <line num="20" count="2" type="stmt"/>
        <line num="22" count="2" type="stmt"/>
        <line num="23" count="9" type="cond" truecount="2" falsecount="0"/>
        <line num="24" count="5" type="stmt"/>
        <line num="26" count="9" type="cond" truecount="2" falsecount="0"/>
        <line num="27" count="4" type="stmt"/>
        <line num="31" count="2" type="stmt"/>
        <line num="34" count="1" type="stmt"/>
      </file>
    </package>
    <package name="arrayBinarySearch">
      <metrics statements="7" coveredstatements="7" conditionals="4" coveredconditionals="4" methods="1" coveredmethods="1"/>
      <file name="array-binary-search.js" path="/home/tali/alchemy/career-prep/code-challenges/data-structures-and-algorithms/challenges/arrayBinarySearch/array-binary-search.js">
        <metrics statements="7" coveredstatements="7" conditionals="4" coveredconditionals="4" methods="1" coveredmethods="1"/>
        <line num="3" count="2" type="stmt"/>
        <line num="4" count="9" type="cond" truecount="2" falsecount="0"/>
        <line num="5" count="1" type="stmt"/>
        <line num="8" count="2" type="cond" truecount="2" falsecount="0"/>
        <line num="9" count="1" type="stmt"/>
        <line num="11" count="2" type="stmt"/>
        <line num="14" count="1" type="stmt"/>
      </file>
    </package>
  </project>
</coverage>
