TN:
SF:/home/tali/alchemy/career-prep/code-challenges/data-structures-and-algorithms/challenges/array-shift/array-shift.js
FN:1,insertIntoArray
FN:18,(anonymous_1)
FNF:2
FNH:2
FNDA:1,insertIntoArray
FNDA:2,(anonymous_1)
DA:2,1
DA:3,1
DA:6,1
DA:7,4
DA:8,2
DA:9,2
DA:10,1
DA:11,1
DA:12,1
DA:15,1
DA:18,1
DA:19,2
DA:20,2
DA:22,2
DA:23,9
DA:24,5
DA:26,9
DA:27,4
DA:31,2
DA:34,1
LF:20
LH:20
BRDA:7,0,0,2
BRDA:7,0,1,2
BRDA:9,1,0,1
BRDA:9,1,1,1
BRDA:11,2,0,1
BRDA:11,2,1,0
BRDA:23,3,0,5
BRDA:23,3,1,4
BRDA:26,4,0,4
BRDA:26,4,1,5
BRF:10
BRH:9
end_of_record
TN:
SF:/home/tali/alchemy/career-prep/code-challenges/data-structures-and-algorithms/challenges/arrayBinarySearch/array-binary-search.js
FN:1,binarySearch
FNF:1
FNH:1
FNDA:2,binarySearch
DA:3,2
DA:4,9
DA:5,1
DA:8,2
DA:9,1
DA:11,2
DA:14,1
LF:7
LH:7
BRDA:4,0,0,1
BRDA:4,0,1,8
BRDA:8,1,0,1
BRDA:8,1,1,1
BRF:4
BRH:4
end_of_record
