{"/home/tali/alchemy/career-prep/code-challenges/data-structures-and-algorithms/challenges/array-shift/array-shift.js": {"path":"/home/tali/alchemy/career-prep/code-challenges/data-structures-and-algorithms/challenges/array-shift/array-shift.js","statementMap":{"0":{"start":{"line":2,"column":21},"end":{"line":2,"column":23}},"1":{"start":{"line":3,"column":21},"end":{"line":3,"column":50}},"2":{"start":{"line":6,"column":4},"end":{"line":14,"column":5}},"3":{"start":{"line":6,"column":16},"end":{"line":6,"column":17}},"4":{"start":{"line":7,"column":8},"end":{"line":13,"column":9}},"5":{"start":{"line":8,"column":12},"end":{"line":8,"column":35}},"6":{"start":{"line":9,"column":15},"end":{"line":13,"column":9}},"7":{"start":{"line":10,"column":12},"end":{"line":10,"column":32}},"8":{"start":{"line":11,"column":15},"end":{"line":13,"column":9}},"9":{"start":{"line":12,"column":12},"end":{"line":12,"column":39}},"10":{"start":{"line":15,"column":4},"end":{"line":15,"column":20}},"11":{"start":{"line":18,"column":21},"end":{"line":32,"column":1}},"12":{"start":{"line":19,"column":21},"end":{"line":19,"column":23}},"13":{"start":{"line":20,"column":21},"end":{"line":20,"column":51}},"14":{"start":{"line":22,"column":4},"end":{"line":29,"column":5}},"15":{"start":{"line":22,"column":16},"end":{"line":22,"column":17}},"16":{"start":{"line":23,"column":8},"end":{"line":25,"column":9}},"17":{"start":{"line":24,"column":12},"end":{"line":24,"column":35}},"18":{"start":{"line":26,"column":8},"end":{"line":28,"column":9}},"19":{"start":{"line":27,"column":12},"end":{"line":27,"column":39}},"20":{"start":{"line":31,"column":4},"end":{"line":31,"column":20}},"21":{"start":{"line":34,"column":0},"end":{"line":34,"column":51}}},"fnMap":{"0":{"name":"insertIntoArray","decl":{"start":{"line":1,"column":9},"end":{"line":1,"column":24}},"loc":{"start":{"line":1,"column":39},"end":{"line":16,"column":1}},"line":1},"1":{"name":"(anonymous_1)","decl":{"start":{"line":18,"column":21},"end":{"line":18,"column":22}},"loc":{"start":{"line":18,"column":32},"end":{"line":32,"column":1}},"line":18}},"branchMap":{"0":{"loc":{"start":{"line":7,"column":8},"end":{"line":13,"column":9}},"type":"if","locations":[{"start":{"line":7,"column":8},"end":{"line":13,"column":9}},{"start":{"line":7,"column":8},"end":{"line":13,"column":9}}],"line":7},"1":{"loc":{"start":{"line":9,"column":15},"end":{"line":13,"column":9}},"type":"if","locations":[{"start":{"line":9,"column":15},"end":{"line":13,"column":9}},{"start":{"line":9,"column":15},"end":{"line":13,"column":9}}],"line":9},"2":{"loc":{"start":{"line":11,"column":15},"end":{"line":13,"column":9}},"type":"if","locations":[{"start":{"line":11,"column":15},"end":{"line":13,"column":9}},{"start":{"line":11,"column":15},"end":{"line":13,"column":9}}],"line":11},"3":{"loc":{"start":{"line":23,"column":8},"end":{"line":25,"column":9}},"type":"if","locations":[{"start":{"line":23,"column":8},"end":{"line":25,"column":9}},{"start":{"line":23,"column":8},"end":{"line":25,"column":9}}],"line":23},"4":{"loc":{"start":{"line":26,"column":8},"end":{"line":28,"column":9}},"type":"if","locations":[{"start":{"line":26,"column":8},"end":{"line":28,"column":9}},{"start":{"line":26,"column":8},"end":{"line":28,"column":9}}],"line":26}},"s":{"0":0,"1":0,"2":0,"3":0,"4":0,"5":0,"6":0,"7":0,"8":0,"9":0,"10":0,"11":1,"12":2,"13":2,"14":2,"15":2,"16":9,"17":5,"18":9,"19":4,"20":2,"21":1},"f":{"0":0,"1":2},"b":{"0":[0,0],"1":[0,0],"2":[0,0],"3":[5,4],"4":[4,5]},"_coverageSchema":"43e27e138ebf9cfc5966b082cf9a028302ed4184","hash":"95bf0387d9438a7fae5758bd6727da0860f26b81"}
,"/home/tali/alchemy/career-prep/code-challenges/data-structures-and-algorithms/challenges/arrayBinarySearch/array-binary-search.js": {"path":"/home/tali/alchemy/career-prep/code-challenges/data-structures-and-algorithms/challenges/arrayBinarySearch/array-binary-search.js","statementMap":{"0":{"start":{"line":3,"column":4},"end":{"line":7,"column":5}},"1":{"start":{"line":3,"column":16},"end":{"line":3,"column":17}},"2":{"start":{"line":4,"column":8},"end":{"line":6,"column":9}},"3":{"start":{"line":5,"column":12},"end":{"line":5,"column":23}},"4":{"start":{"line":8,"column":4},"end":{"line":10,"column":5}},"5":{"start":{"line":9,"column":8},"end":{"line":9,"column":20}},"6":{"start":{"line":11,"column":4},"end":{"line":11,"column":18}},"7":{"start":{"line":14,"column":0},"end":{"line":14,"column":34}}},"fnMap":{"0":{"name":"binarySearch","decl":{"start":{"line":1,"column":9},"end":{"line":1,"column":21}},"loc":{"start":{"line":1,"column":34},"end":{"line":12,"column":1}},"line":1}},"branchMap":{"0":{"loc":{"start":{"line":4,"column":8},"end":{"line":6,"column":9}},"type":"if","locations":[{"start":{"line":4,"column":8},"end":{"line":6,"column":9}},{"start":{"line":4,"column":8},"end":{"line":6,"column":9}}],"line":4},"1":{"loc":{"start":{"line":8,"column":4},"end":{"line":10,"column":5}},"type":"if","locations":[{"start":{"line":8,"column":4},"end":{"line":10,"column":5}},{"start":{"line":8,"column":4},"end":{"line":10,"column":5}}],"line":8}},"s":{"0":2,"1":2,"2":9,"3":1,"4":2,"5":1,"6":2,"7":1},"f":{"0":2},"b":{"0":[1,8],"1":[1,1]},"_coverageSchema":"43e27e138ebf9cfc5966b082cf9a028302ed4184","hash":"5726adf863459e9a665ece67111bdb7353eae515"}
,"/home/tali/alchemy/career-prep/code-challenges/data-structures-and-algorithms/challenges/linkedList/linkedList.js": {"path":"/home/tali/alchemy/career-prep/code-challenges/data-structures-and-algorithms/challenges/linkedList/linkedList.js","statementMap":{"0":{"start":{"line":4,"column":8},"end":{"line":4,"column":27}},"1":{"start":{"line":5,"column":8},"end":{"line":5,"column":25}},"2":{"start":{"line":11,"column":8},"end":{"line":11,"column":25}},"3":{"start":{"line":12,"column":8},"end":{"line":12,"column":24}},"4":{"start":{"line":16,"column":21},"end":{"line":16,"column":36}},"5":{"start":{"line":17,"column":8},"end":{"line":17,"column":30}},"6":{"start":{"line":18,"column":8},"end":{"line":18,"column":25}},"7":{"start":{"line":19,"column":8},"end":{"line":19,"column":23}},"8":{"start":{"line":23,"column":26},"end":{"line":23,"column":35}},"9":{"start":{"line":24,"column":8},"end":{"line":29,"column":9}},"10":{"start":{"line":25,"column":10},"end":{"line":27,"column":11}},"11":{"start":{"line":26,"column":12},"end":{"line":26,"column":24}},"12":{"start":{"line":28,"column":10},"end":{"line":28,"column":41}},"13":{"start":{"line":30,"column":8},"end":{"line":30,"column":21}},"14":{"start":{"line":34,"column":18},"end":{"line":34,"column":20}},"15":{"start":{"line":35,"column":26},"end":{"line":35,"column":35}},"16":{"start":{"line":36,"column":8},"end":{"line":36,"column":33}},"17":{"start":{"line":37,"column":8},"end":{"line":40,"column":9}},"18":{"start":{"line":38,"column":10},"end":{"line":38,"column":41}},"19":{"start":{"line":39,"column":10},"end":{"line":39,"column":55}},"20":{"start":{"line":41,"column":8},"end":{"line":41,"column":19}},"21":{"start":{"line":45,"column":19},"end":{"line":45,"column":34}},"22":{"start":{"line":46,"column":22},"end":{"line":46,"column":31}},"23":{"start":{"line":47,"column":8},"end":{"line":49,"column":9}},"24":{"start":{"line":48,"column":12},"end":{"line":48,"column":35}},"25":{"start":{"line":50,"column":8},"end":{"line":50,"column":28}},"26":{"start":{"line":51,"column":8},"end":{"line":51,"column":23}},"27":{"start":{"line":54,"column":19},"end":{"line":54,"column":37}},"28":{"start":{"line":55,"column":8},"end":{"line":55,"column":23}},"29":{"start":{"line":56,"column":22},"end":{"line":56,"column":31}},"30":{"start":{"line":58,"column":8},"end":{"line":61,"column":9}},"31":{"start":{"line":59,"column":12},"end":{"line":59,"column":31}},"32":{"start":{"line":60,"column":12},"end":{"line":60,"column":34}},"33":{"start":{"line":62,"column":8},"end":{"line":62,"column":28}},"34":{"start":{"line":63,"column":8},"end":{"line":63,"column":29}},"35":{"start":{"line":66,"column":19},"end":{"line":66,"column":37}},"36":{"start":{"line":67,"column":22},"end":{"line":67,"column":31}},"37":{"start":{"line":68,"column":8},"end":{"line":68,"column":22}},"38":{"start":{"line":70,"column":8},"end":{"line":72,"column":9}},"39":{"start":{"line":71,"column":12},"end":{"line":71,"column":35}},"40":{"start":{"line":73,"column":8},"end":{"line":73,"column":28}},"41":{"start":{"line":76,"column":22},"end":{"line":76,"column":31}},"42":{"start":{"line":77,"column":8},"end":{"line":79,"column":9}},"43":{"start":{"line":78,"column":12},"end":{"line":78,"column":31}},"44":{"start":{"line":80,"column":8},"end":{"line":82,"column":9}},"45":{"start":{"line":80,"column":20},"end":{"line":80,"column":21}},"46":{"start":{"line":81,"column":12},"end":{"line":81,"column":35}},"47":{"start":{"line":83,"column":8},"end":{"line":83,"column":29}},"48":{"start":{"line":87,"column":0},"end":{"line":87,"column":38}}},"fnMap":{"0":{"name":"(anonymous_0)","decl":{"start":{"line":2,"column":4},"end":{"line":2,"column":5}},"loc":{"start":{"line":3,"column":4},"end":{"line":6,"column":5}},"line":3},"1":{"name":"(anonymous_1)","decl":{"start":{"line":10,"column":4},"end":{"line":10,"column":5}},"loc":{"start":{"line":10,"column":17},"end":{"line":13,"column":5}},"line":10},"2":{"name":"(anonymous_2)","decl":{"start":{"line":15,"column":4},"end":{"line":15,"column":5}},"loc":{"start":{"line":15,"column":17},"end":{"line":20,"column":7}},"line":15},"3":{"name":"(anonymous_3)","decl":{"start":{"line":22,"column":4},"end":{"line":22,"column":5}},"loc":{"start":{"line":22,"column":19},"end":{"line":31,"column":7}},"line":22},"4":{"name":"(anonymous_4)","decl":{"start":{"line":33,"column":6},"end":{"line":33,"column":7}},"loc":{"start":{"line":33,"column":16},"end":{"line":42,"column":7}},"line":33},"5":{"name":"(anonymous_5)","decl":{"start":{"line":44,"column":4},"end":{"line":44,"column":5}},"loc":{"start":{"line":44,"column":18},"end":{"line":52,"column":5}},"line":44},"6":{"name":"(anonymous_6)","decl":{"start":{"line":53,"column":4},"end":{"line":53,"column":5}},"loc":{"start":{"line":53,"column":34},"end":{"line":64,"column":5}},"line":53},"7":{"name":"(anonymous_7)","decl":{"start":{"line":65,"column":4},"end":{"line":65,"column":5}},"loc":{"start":{"line":65,"column":33},"end":{"line":74,"column":5}},"line":65},"8":{"name":"(anonymous_8)","decl":{"start":{"line":75,"column":4},"end":{"line":75,"column":5}},"loc":{"start":{"line":75,"column":18},"end":{"line":84,"column":5}},"line":75}},"branchMap":{"0":{"loc":{"start":{"line":25,"column":10},"end":{"line":27,"column":11}},"type":"if","locations":[{"start":{"line":25,"column":10},"end":{"line":27,"column":11}},{"start":{"line":25,"column":10},"end":{"line":27,"column":11}}],"line":25},"1":{"loc":{"start":{"line":77,"column":8},"end":{"line":79,"column":9}},"type":"if","locations":[{"start":{"line":77,"column":8},"end":{"line":79,"column":9}},{"start":{"line":77,"column":8},"end":{"line":79,"column":9}}],"line":77},"2":{"loc":{"start":{"line":77,"column":11},"end":{"line":77,"column":39}},"type":"binary-expr","locations":[{"start":{"line":77,"column":11},"end":{"line":77,"column":30}},{"start":{"line":77,"column":34},"end":{"line":77,"column":39}}],"line":77}},"s":{"0":10,"1":10,"2":2,"3":2,"4":4,"5":4,"6":4,"7":4,"8":1,"9":1,"10":2,"11":1,"12":1,"13":0,"14":3,"15":3,"16":3,"17":3,"18":12,"19":12,"20":3,"21":3,"22":3,"23":3,"24":3,"25":3,"26":3,"27":1,"28":1,"29":1,"30":1,"31":1,"32":1,"33":1,"34":1,"35":1,"36":1,"37":1,"38":1,"39":4,"40":1,"41":3,"42":3,"43":2,"44":1,"45":1,"46":1,"47":1,"48":2},"f":{"0":10,"1":2,"2":4,"3":1,"4":3,"5":3,"6":1,"7":1,"8":3},"b":{"0":[1,1],"1":[2,1],"2":[3,2]},"_coverageSchema":"43e27e138ebf9cfc5966b082cf9a028302ed4184","hash":"c4f48ded15e0d603bb6addf3b36e314af3cc19b7"}
}
