{"/home/tali/alchemy/career-prep/code-challenges/data-structures-and-algorithms/challenges/tree/tree.js": {"path":"/home/tali/alchemy/career-prep/code-challenges/data-structures-and-algorithms/challenges/tree/tree.js","statementMap":{"0":{"start":{"line":3,"column":4},"end":{"line":3,"column":21}},"1":{"start":{"line":4,"column":4},"end":{"line":4,"column":21}},"2":{"start":{"line":5,"column":4},"end":{"line":5,"column":22}},"3":{"start":{"line":11,"column":4},"end":{"line":11,"column":21}},"4":{"start":{"line":15,"column":16},"end":{"line":15,"column":18}},"5":{"start":{"line":16,"column":4},"end":{"line":20,"column":5}},"6":{"start":{"line":17,"column":6},"end":{"line":17,"column":52}},"7":{"start":{"line":18,"column":6},"end":{"line":18,"column":28}},"8":{"start":{"line":19,"column":6},"end":{"line":19,"column":53}},"9":{"start":{"line":21,"column":4},"end":{"line":21,"column":17}},"10":{"start":{"line":25,"column":16},"end":{"line":25,"column":18}},"11":{"start":{"line":26,"column":4},"end":{"line":30,"column":5}},"12":{"start":{"line":27,"column":6},"end":{"line":27,"column":28}},"13":{"start":{"line":28,"column":6},"end":{"line":28,"column":52}},"14":{"start":{"line":29,"column":6},"end":{"line":29,"column":53}},"15":{"start":{"line":31,"column":4},"end":{"line":31,"column":17}},"16":{"start":{"line":35,"column":16},"end":{"line":35,"column":18}},"17":{"start":{"line":36,"column":4},"end":{"line":41,"column":5}},"18":{"start":{"line":38,"column":6},"end":{"line":38,"column":55}},"19":{"start":{"line":39,"column":6},"end":{"line":39,"column":28}},"20":{"start":{"line":40,"column":6},"end":{"line":40,"column":54}},"21":{"start":{"line":42,"column":4},"end":{"line":42,"column":17}},"22":{"start":{"line":46,"column":18},"end":{"line":46,"column":41}},"23":{"start":{"line":47,"column":4},"end":{"line":50,"column":22}},"24":{"start":{"line":48,"column":6},"end":{"line":48,"column":18}},"25":{"start":{"line":50,"column":9},"end":{"line":50,"column":22}},"26":{"start":{"line":54,"column":18},"end":{"line":54,"column":32}},"27":{"start":{"line":55,"column":4},"end":{"line":57,"column":47}},"28":{"start":{"line":56,"column":6},"end":{"line":56,"column":26}},"29":{"start":{"line":57,"column":11},"end":{"line":57,"column":47}},"30":{"start":{"line":62,"column":4},"end":{"line":69,"column":5}},"31":{"start":{"line":63,"column":6},"end":{"line":65,"column":47}},"32":{"start":{"line":64,"column":6},"end":{"line":64,"column":26}},"33":{"start":{"line":65,"column":11},"end":{"line":65,"column":47}},"34":{"start":{"line":66,"column":13},"end":{"line":68,"column":48}},"35":{"start":{"line":67,"column":6},"end":{"line":67,"column":27}},"36":{"start":{"line":68,"column":11},"end":{"line":68,"column":48}},"37":{"start":{"line":73,"column":0},"end":{"line":73,"column":28}}},"fnMap":{"0":{"name":"(anonymous_0)","decl":{"start":{"line":2,"column":2},"end":{"line":2,"column":3}},"loc":{"start":{"line":2,"column":19},"end":{"line":6,"column":3}},"line":2},"1":{"name":"(anonymous_1)","decl":{"start":{"line":10,"column":2},"end":{"line":10,"column":3}},"loc":{"start":{"line":10,"column":15},"end":{"line":12,"column":3}},"line":10},"2":{"name":"(anonymous_2)","decl":{"start":{"line":14,"column":2},"end":{"line":14,"column":3}},"loc":{"start":{"line":14,"column":15},"end":{"line":22,"column":3}},"line":14},"3":{"name":"(anonymous_3)","decl":{"start":{"line":24,"column":2},"end":{"line":24,"column":3}},"loc":{"start":{"line":24,"column":16},"end":{"line":32,"column":3}},"line":24},"4":{"name":"(anonymous_4)","decl":{"start":{"line":34,"column":2},"end":{"line":34,"column":3}},"loc":{"start":{"line":34,"column":17},"end":{"line":43,"column":3}},"line":34},"5":{"name":"(anonymous_5)","decl":{"start":{"line":45,"column":2},"end":{"line":45,"column":3}},"loc":{"start":{"line":45,"column":16},"end":{"line":51,"column":3}},"line":45},"6":{"name":"(anonymous_6)","decl":{"start":{"line":53,"column":2},"end":{"line":53,"column":3}},"loc":{"start":{"line":53,"column":11},"end":{"line":58,"column":3}},"line":53},"7":{"name":"(anonymous_7)","decl":{"start":{"line":60,"column":2},"end":{"line":60,"column":3}},"loc":{"start":{"line":61,"column":2},"end":{"line":70,"column":3}},"line":61}},"branchMap":{"0":{"loc":{"start":{"line":16,"column":4},"end":{"line":20,"column":5}},"type":"if","locations":[{"start":{"line":16,"column":4},"end":{"line":20,"column":5}},{"start":{"line":16,"column":4},"end":{"line":20,"column":5}}],"line":16},"1":{"loc":{"start":{"line":26,"column":4},"end":{"line":30,"column":5}},"type":"if","locations":[{"start":{"line":26,"column":4},"end":{"line":30,"column":5}},{"start":{"line":26,"column":4},"end":{"line":30,"column":5}}],"line":26},"2":{"loc":{"start":{"line":36,"column":4},"end":{"line":41,"column":5}},"type":"if","locations":[{"start":{"line":36,"column":4},"end":{"line":41,"column":5}},{"start":{"line":36,"column":4},"end":{"line":41,"column":5}}],"line":36},"3":{"loc":{"start":{"line":47,"column":4},"end":{"line":50,"column":22}},"type":"if","locations":[{"start":{"line":47,"column":4},"end":{"line":50,"column":22}},{"start":{"line":47,"column":4},"end":{"line":50,"column":22}}],"line":47},"4":{"loc":{"start":{"line":55,"column":4},"end":{"line":57,"column":47}},"type":"if","locations":[{"start":{"line":55,"column":4},"end":{"line":57,"column":47}},{"start":{"line":55,"column":4},"end":{"line":57,"column":47}}],"line":55},"5":{"loc":{"start":{"line":62,"column":4},"end":{"line":69,"column":5}},"type":"if","locations":[{"start":{"line":62,"column":4},"end":{"line":69,"column":5}},{"start":{"line":62,"column":4},"end":{"line":69,"column":5}}],"line":62},"6":{"loc":{"start":{"line":63,"column":6},"end":{"line":65,"column":47}},"type":"if","locations":[{"start":{"line":63,"column":6},"end":{"line":65,"column":47}},{"start":{"line":63,"column":6},"end":{"line":65,"column":47}}],"line":63},"7":{"loc":{"start":{"line":66,"column":13},"end":{"line":68,"column":48}},"type":"if","locations":[{"start":{"line":66,"column":13},"end":{"line":68,"column":48}},{"start":{"line":66,"column":13},"end":{"line":68,"column":48}}],"line":66}},"s":{"0":12,"1":12,"2":12,"3":7,"4":19,"5":19,"6":7,"7":7,"8":7,"9":19,"10":1,"11":1,"12":1,"13":1,"14":1,"15":1,"16":7,"17":7,"18":3,"19":3,"20":3,"21":7,"22":2,"23":2,"24":1,"25":1,"26":12,"27":12,"28":6,"29":6,"30":6,"31":3,"32":3,"33":0,"34":3,"35":3,"36":0,"37":1},"f":{"0":12,"1":7,"2":19,"3":1,"4":7,"5":2,"6":12,"7":6},"b":{"0":[7,12],"1":[1,0],"2":[3,4],"3":[1,1],"4":[6,6],"5":[3,3],"6":[3,0],"7":[3,0]},"_coverageSchema":"43e27e138ebf9cfc5966b082cf9a028302ed4184","hash":"4cc7100ba48493647fbad619066c50fa22998160"}
}
