TN:
SF:/home/tali/alchemy/career-prep/code-challenges/data-structures-and-algorithms/challenges/tree/tree.js
FN:2,(anonymous_0)
FN:10,(anonymous_1)
FN:14,(anonymous_2)
FN:24,(anonymous_3)
FN:34,(anonymous_4)
FN:45,(anonymous_5)
FN:65,(anonymous_6)
FN:73,(anonymous_7)
FN:80,(anonymous_8)
FNF:9
FNH:9
FNDA:18,(anonymous_0)
FNDA:8,(anonymous_1)
FNDA:19,(anonymous_2)
FNDA:1,(anonymous_3)
FNDA:11,(anonymous_4)
FNDA:1,(anonymous_5)
FNDA:2,(anonymous_6)
FNDA:18,(anonymous_7)
FNDA:15,(anonymous_8)
DA:3,18
DA:4,18
DA:5,18
DA:11,8
DA:15,19
DA:16,19
DA:17,7
DA:18,7
DA:19,7
DA:21,19
DA:25,1
DA:26,1
DA:27,1
DA:28,1
DA:29,1
DA:31,1
DA:35,11
DA:36,11
DA:38,5
DA:39,5
DA:40,5
DA:42,11
DA:46,1
DA:47,1
DA:48,1
DA:49,4
DA:50,4
DA:51,4
DA:52,2
DA:54,2
DA:55,1
DA:57,2
DA:58,2
DA:61,1
DA:66,2
DA:67,2
DA:68,1
DA:70,1
DA:74,18
DA:75,18
DA:76,7
DA:77,11
DA:82,15
DA:83,6
DA:84,5
DA:85,1
DA:86,9
DA:87,6
DA:88,3
DA:93,1
LF:50
LH:50
BRDA:16,0,0,7
BRDA:16,0,1,12
BRDA:26,1,0,1
BRDA:26,1,1,0
BRDA:36,2,0,5
BRDA:36,2,1,6
BRDA:51,3,0,2
BRDA:51,3,1,2
BRDA:51,4,0,4
BRDA:51,4,1,3
BRDA:54,5,0,1
BRDA:54,5,1,1
BRDA:57,6,0,2
BRDA:57,6,1,0
BRDA:67,7,0,1
BRDA:67,7,1,1
BRDA:75,8,0,7
BRDA:75,8,1,11
BRDA:82,9,0,6
BRDA:82,9,1,9
BRDA:83,10,0,5
BRDA:83,10,1,1
BRDA:86,11,0,6
BRDA:86,11,1,3
BRF:24
BRH:22
end_of_record
