TN:
SF:/home/tali/alchemy/career-prep/code-challenges/data-structures-and-algorithms/challenges/tree/tree.js
FN:2,(anonymous_0)
FN:10,(anonymous_1)
FN:14,(anonymous_2)
FN:24,(anonymous_3)
FN:35,(anonymous_4)
FN:53,(anonymous_5)
FN:61,(anonymous_6)
FN:68,(anonymous_7)
FNF:8
FNH:8
FNDA:14,(anonymous_0)
FNDA:7,(anonymous_1)
FNDA:19,(anonymous_2)
FNDA:1,(anonymous_3)
FNDA:11,(anonymous_4)
FNDA:2,(anonymous_5)
FNDA:14,(anonymous_6)
FNDA:10,(anonymous_7)
DA:3,14
DA:4,14
DA:5,14
DA:11,7
DA:15,19
DA:16,19
DA:17,7
DA:18,7
DA:19,7
DA:21,19
DA:25,1
DA:26,1
DA:27,1
DA:28,1
DA:29,1
DA:31,1
DA:36,11
DA:37,11
DA:39,5
DA:40,5
DA:41,5
DA:43,11
DA:44,11
DA:54,2
DA:55,2
DA:56,1
DA:58,1
DA:62,14
DA:63,14
DA:64,6
DA:65,8
DA:70,10
DA:71,5
DA:72,4
DA:73,1
DA:74,5
DA:75,4
DA:76,1
DA:81,1
LF:39
LH:39
BRDA:16,0,0,7
BRDA:16,0,1,12
BRDA:26,1,0,1
BRDA:26,1,1,0
BRDA:37,2,0,5
BRDA:37,2,1,6
BRDA:55,3,0,1
BRDA:55,3,1,1
BRDA:63,4,0,6
BRDA:63,4,1,8
BRDA:70,5,0,5
BRDA:70,5,1,5
BRDA:71,6,0,4
BRDA:71,6,1,1
BRDA:74,7,0,4
BRDA:74,7,1,1
BRF:16
BRH:15
end_of_record
